<?xml version="1.0" encoding="UTF-8"?>
<testng-results ignored="0" total="2" passed="2" failed="0" skipped="0">
  <reporter-output>
  </reporter-output>
  <suite started-at="2021-11-24T20:08:14Z" name="Default suite" finished-at="2021-11-24T20:08:18Z" duration-ms="3802">
    <groups>
    </groups>
    <test started-at="2021-11-24T20:08:14Z" name="Default test" finished-at="2021-11-24T20:08:18Z" duration-ms="3802">
      <class name="com.sample.test.demo.tests.DemoTest">
        <test-method is-config="true" signature="init()[pri:0, instance:com.sample.test.demo.tests.DemoTest@5b7a8434]" started-at="2021-11-24T20:08:14Z" name="init" finished-at="2021-11-24T20:08:17Z" duration-ms="2574" status="PASS">
          <reporter-output>
          </reporter-output>
        </test-method> <!-- init -->
        <test-method signature="pizzaOrderWithCashPayment()[pri:1, instance:com.sample.test.demo.tests.DemoTest@5b7a8434]" started-at="2021-11-24T20:08:17Z" name="pizzaOrderWithCashPayment" finished-at="2021-11-24T20:08:18Z" duration-ms="725" status="PASS">
          <reporter-output>
          </reporter-output>
        </test-method> <!-- pizzaOrderWithCashPayment -->
        <test-method signature="missingMendatoryInformation()[pri:2, instance:com.sample.test.demo.tests.DemoTest@5b7a8434]" started-at="2021-11-24T20:08:18Z" name="missingMendatoryInformation" finished-at="2021-11-24T20:08:18Z" duration-ms="401" status="PASS">
          <reporter-output>
          </reporter-output>
        </test-method> <!-- missingMendatoryInformation -->
        <test-method is-config="true" signature="tearDown()[pri:0, instance:com.sample.test.demo.tests.DemoTest@5b7a8434]" started-at="2021-11-24T20:08:18Z" name="tearDown" finished-at="2021-11-24T20:08:18Z" duration-ms="82" status="PASS">
          <reporter-output>
          </reporter-output>
        </test-method> <!-- tearDown -->
      </class> <!-- com.sample.test.demo.tests.DemoTest -->
    </test> <!-- Default test -->
  </suite> <!-- Default suite -->
</testng-results>
