<?xml version="1.0" encoding="UTF-8"?>
<testng-results ignored="0" total="2" passed="2" failed="0" skipped="0">
  <reporter-output>
  </reporter-output>
  <suite started-at="2021-11-24T17:35:33Z" name="Default suite" finished-at="2021-11-24T17:35:41Z" duration-ms="7061">
    <groups>
    </groups>
    <test started-at="2021-11-24T17:35:33Z" name="Default test" finished-at="2021-11-24T17:35:41Z" duration-ms="7061">
      <class name="com.sample.test.demo.tests.DemoTest">
        <test-method is-config="true" signature="init()[pri:0, instance:com.sample.test.demo.tests.DemoTest@39d9314d]" started-at="2021-11-24T17:35:34Z" name="init" finished-at="2021-11-24T17:35:39Z" duration-ms="5018" status="PASS">
          <reporter-output>
          </reporter-output>
        </test-method> <!-- init -->
        <test-method signature="pizzaOrderWithCashPayment()[pri:1, instance:com.sample.test.demo.tests.DemoTest@39d9314d]" started-at="2021-11-24T17:35:39Z" name="pizzaOrderWithCashPayment" finished-at="2021-11-24T17:35:40Z" duration-ms="1210" status="PASS">
          <reporter-output>
          </reporter-output>
        </test-method> <!-- pizzaOrderWithCashPayment -->
        <test-method signature="missingMendatoryInformation()[pri:2, instance:com.sample.test.demo.tests.DemoTest@39d9314d]" started-at="2021-11-24T17:35:40Z" name="missingMendatoryInformation" finished-at="2021-11-24T17:35:40Z" duration-ms="645" status="PASS">
          <reporter-output>
          </reporter-output>
        </test-method> <!-- missingMendatoryInformation -->
        <test-method is-config="true" signature="tearDown()[pri:0, instance:com.sample.test.demo.tests.DemoTest@39d9314d]" started-at="2021-11-24T17:35:40Z" name="tearDown" finished-at="2021-11-24T17:35:41Z" duration-ms="124" status="PASS">
          <reporter-output>
          </reporter-output>
        </test-method> <!-- tearDown -->
      </class> <!-- com.sample.test.demo.tests.DemoTest -->
    </test> <!-- Default test -->
  </suite> <!-- Default suite -->
</testng-results>
